#
# There is insufficient memory for the Java Runtime Environment to continue.
# Native memory allocation (mmap) failed to map 268435456 bytes for G1 virtual space
# Possible reasons:
#   The system is out of physical RAM or swap space
#   The process is running with CompressedOops enabled, and the Java Heap may be blocking the growth of the native heap
# Possible solutions:
#   Reduce memory load on the system
#   Increase physical memory or swap space
#   Check if swap backing store is full
#   Decrease Java heap size (-Xmx/-Xms)
#   Decrease number of Java threads
#   Decrease Java thread stack sizes (-Xss)
#   Set larger code cache with -XX:ReservedCodeCacheSize=
#   JVM is running with Zero Based Compressed Oops mode in which the Java heap is
#     placed in the first 32GB address space. The Java Heap base address is the
#     maximum limit for the native heap growth. Please use -XX:HeapBaseMinAddress
#     to set the Java Heap base and to place the Java Heap above 32GB virtual address.
# This output file may be truncated or incomplete.
#
#  Out of Memory Error (os_windows.cpp:3532), pid=16044, tid=17388
#
# JRE version:  (17.0.2+8) (build )
# Java VM: OpenJDK 64-Bit Server VM (17.0.2+8, mixed mode, sharing, tiered, compressed oops, compressed class ptrs, g1 gc, windows-amd64)
# No core dump will be written. Minidumps are not enabled by default on client versions of Windows
#

---------------  S U M M A R Y ------------

Command Line: -Dfile.encoding=Cp1252 -XX:+ShowCodeDetailsInExceptionMessages main.Fichier3

Host: Intel(R) Core(TM) i5-6300U CPU @ 2.40GHz, 4 cores, 15G,  Windows 10 , 64 bit Build 19041 (10.0.19041.1566)
Time: Fri Apr 22 10:30:45 2022 Greenwich elapsed time: 0.034797 seconds (0d 0h 0m 0s)

---------------  T H R E A D  ---------------

Current thread (0x00000209a299be00):  JavaThread "Unknown thread" [_thread_in_vm, id=17388, stack(0x0000004ed0000000,0x0000004ed0100000)]

Stack: [0x0000004ed0000000,0x0000004ed0100000]
Native frames: (J=compiled Java code, j=interpreted, Vv=VM code, C=native code)
V  [jvm.dll+0x67564a]
V  [jvm.dll+0x82fc04]
V  [jvm.dll+0x8313ae]
V  [jvm.dll+0x831a13]
V  [jvm.dll+0x245235]
V  [jvm.dll+0x672539]
V  [jvm.dll+0x666e82]
V  [jvm.dll+0x30401b]
V  [jvm.dll+0x30b566]
V  [jvm.dll+0x35b1fe]
V  [jvm.dll+0x35b42f]
V  [jvm.dll+0x2daf58]
V  [jvm.dll+0x2dbec4]
V  [jvm.dll+0x801881]
V  [jvm.dll+0x368f81]
V  [jvm.dll+0x7e0cdc]
V  [jvm.dll+0x3eb8bf]
V  [jvm.dll+0x3ed441]
C  [jli.dll+0x5277]
C  [ucrtbase.dll+0x21bb2]
C  [KERNEL32.DLL+0x17034]
C  [ntdll.dll+0x52651]


---------------  P R O C E S S  ---------------

Threads class SMR info:
_java_thread_list=0x00007ff898aa5e98, length=0, elements={
}

Java Threads: ( => current thread )

Other Threads:
  0x00000209a29eb480 GCTaskThread "GC Thread#0" [stack: 0x0000004ed0100000,0x0000004ed0200000] [id=16660]
  0x00000209a29fc200 ConcurrentGCThread "G1 Main Marker" [stack: 0x0000004ed0200000,0x0000004ed0300000] [id=32]
  0x00000209a29fd4f0 ConcurrentGCThread "G1 Conc#0" [stack: 0x0000004ed0300000,0x0000004ed0400000] [id=14072]

[error occurred during error reporting (printing all threads), id 0xc0000005, EXCEPTION_ACCESS_VIOLATION (0xc0000005) at pc=0x00007ff89827b9d7]

VM state: not at safepoint (not fully initialized)

VM Mutex/Monitor currently owned by a thread:  ([mutex/lock_event])
[0x00000209a29970b0] Heap_lock - owner thread: 0x00000209a299be00

Heap address: 0x0000000701c00000, size: 4068 MB, Compressed Oops mode: Zero based, Oop shift amount: 3

CDS archive(s) mapped at: [0x0000000000000000-0x0000000000000000-0x0000000000000000), size 0, SharedBaseAddress: 0x0000000800000000, ArchiveRelocationMode: 0.
Narrow klass base: 0x0000000000000000, Narrow klass shift: 0, Narrow klass range: 0x0

GC Precious Log:
<Empty>

Heap:
 garbage-first heap   total 0K, used 0K [0x0000000701c00000, 0x0000000800000000)
  region size 2048K, 0 young (0K), 0 survivors (0K)

[error occurred during error reporting (printing heap information), id 0xc0000005, EXCEPTION_ACCESS_VIOLATION (0xc0000005) at pc=0x00007ff89865e899]

GC Heap History (0 events):
No events

Deoptimization events (0 events):
No events

Classes unloaded (0 events):
No events

Classes redefined (0 events):
No events

Internal exceptions (0 events):
No events

VM Operations (0 events):
No events

Events (1 events):
Event: 0.023 Loaded shared library C:\Users\simplon\.p2\pool\plugins\org.eclipse.justj.openjdk.hotspot.jre.full.win32.x86_64_17.0.2.v20220201-1208\jre\bin\java.dll


Dynamic libraries:
0x00007ff7a9800000 - 0x00007ff7a980e000 	C:\Users\simplon\.p2\pool\plugins\org.eclipse.justj.openjdk.hotspot.jre.full.win32.x86_64_17.0.2.v20220201-1208\jre\bin\javaw.exe
0x00007ff8e6e10000 - 0x00007ff8e7005000 	C:\Windows\SYSTEM32\ntdll.dll
0x00007ff8e4e70000 - 0x00007ff8e4f2e000 	C:\Windows\System32\KERNEL32.DLL
0x00007ff8e46b0000 - 0x00007ff8e4978000 	C:\Windows\System32\KERNELBASE.dll
0x00007ff8e4a90000 - 0x00007ff8e4b90000 	C:\Windows\System32\ucrtbase.dll
0x00007ff8d0240000 - 0x00007ff8d0258000 	C:\Users\simplon\.p2\pool\plugins\org.eclipse.justj.openjdk.hotspot.jre.full.win32.x86_64_17.0.2.v20220201-1208\jre\bin\jli.dll
0x00007ff8e6ab0000 - 0x00007ff8e6c50000 	C:\Windows\System32\USER32.dll
0x00007ff8e4e40000 - 0x00007ff8e4e62000 	C:\Windows\System32\win32u.dll
0x00007ff8e50c0000 - 0x00007ff8e50eb000 	C:\Windows\System32\GDI32.dll
0x00007ff8e4980000 - 0x00007ff8e4a8b000 	C:\Windows\System32\gdi32full.dll
0x00007ff8e4530000 - 0x00007ff8e45cd000 	C:\Windows\System32\msvcp_win.dll
0x00007ff8bf6a0000 - 0x00007ff8bf6b9000 	C:\Users\simplon\.p2\pool\plugins\org.eclipse.justj.openjdk.hotspot.jre.full.win32.x86_64_17.0.2.v20220201-1208\jre\bin\VCRUNTIME140.dll
0x00007ff8c7af0000 - 0x00007ff8c7d8a000 	C:\Windows\WinSxS\amd64_microsoft.windows.common-controls_6595b64144ccf1df_6.0.19041.1110_none_60b5254171f9507e\COMCTL32.dll
0x00007ff8e6cd0000 - 0x00007ff8e6d6e000 	C:\Windows\System32\msvcrt.dll
0x00007ff8e50f0000 - 0x00007ff8e5120000 	C:\Windows\System32\IMM32.DLL
0x00007ff8dbe40000 - 0x00007ff8dbe4c000 	C:\Users\simplon\.p2\pool\plugins\org.eclipse.justj.openjdk.hotspot.jre.full.win32.x86_64_17.0.2.v20220201-1208\jre\bin\vcruntime140_1.dll
0x00007ff8b10a0000 - 0x00007ff8b1131000 	C:\Users\simplon\.p2\pool\plugins\org.eclipse.justj.openjdk.hotspot.jre.full.win32.x86_64_17.0.2.v20220201-1208\jre\bin\msvcp140.dll
0x00007ff897f90000 - 0x00007ff898bd7000 	C:\Users\simplon\.p2\pool\plugins\org.eclipse.justj.openjdk.hotspot.jre.full.win32.x86_64_17.0.2.v20220201-1208\jre\bin\server\jvm.dll
0x00007ff8e5310000 - 0x00007ff8e53be000 	C:\Windows\System32\ADVAPI32.dll
0x00007ff8e66b0000 - 0x00007ff8e674c000 	C:\Windows\System32\sechost.dll
0x00007ff8e5600000 - 0x00007ff8e5725000 	C:\Windows\System32\RPCRT4.dll
0x00007ff8e51b0000 - 0x00007ff8e51b8000 	C:\Windows\System32\PSAPI.DLL
0x00007ff8cc270000 - 0x00007ff8cc279000 	C:\Windows\SYSTEM32\WSOCK32.dll
0x00007ff8e52a0000 - 0x00007ff8e530b000 	C:\Windows\System32\WS2_32.dll
0x00007ff8cc4a0000 - 0x00007ff8cc4c7000 	C:\Windows\SYSTEM32\WINMM.dll
0x00007ff8d3e60000 - 0x00007ff8d3e6a000 	C:\Windows\SYSTEM32\VERSION.dll
0x00007ff8e2de0000 - 0x00007ff8e2df2000 	C:\Windows\SYSTEM32\kernel.appcore.dll
0x00007ff8dbe00000 - 0x00007ff8dbe0a000 	C:\Users\simplon\.p2\pool\plugins\org.eclipse.justj.openjdk.hotspot.jre.full.win32.x86_64_17.0.2.v20220201-1208\jre\bin\jimage.dll
0x00007ff8e23d0000 - 0x00007ff8e25b4000 	C:\Windows\SYSTEM32\DBGHELP.DLL
0x00007ff8dc290000 - 0x00007ff8dc2bc000 	C:\Windows\SYSTEM32\dbgcore.DLL
0x00007ff8e45d0000 - 0x00007ff8e4652000 	C:\Windows\System32\bcryptPrimitives.dll
0x00007ff8d36c0000 - 0x00007ff8d36e5000 	C:\Users\simplon\.p2\pool\plugins\org.eclipse.justj.openjdk.hotspot.jre.full.win32.x86_64_17.0.2.v20220201-1208\jre\bin\java.dll

dbghelp: loaded successfully - version: 4.0.5 - missing functions: none
symbol engine: initialized successfully - sym options: 0x614 - pdb path: .;C:\Users\simplon\.p2\pool\plugins\org.eclipse.justj.openjdk.hotspot.jre.full.win32.x86_64_17.0.2.v20220201-1208\jre\bin;C:\Windows\SYSTEM32;C:\Windows\WinSxS\amd64_microsoft.windows.common-controls_6595b64144ccf1df_6.0.19041.1110_none_60b5254171f9507e;C:\Users\simplon\.p2\pool\plugins\org.eclipse.justj.openjdk.hotspot.jre.full.win32.x86_64_17.0.2.v20220201-1208\jre\bin\server

VM Arguments:
jvm_args: -Dfile.encoding=Cp1252 -XX:+ShowCodeDetailsInExceptionMessages 
java_command: main.Fichier3
java_class_path (initial): C:\Users\simplon\eclipse-workspace\Fichier\bin
Launcher Type: SUN_STANDARD

[Global flags]
     intx CICompilerCount                          = 3                                         {product} {ergonomic}
     uint ConcGCThreads                            = 1                                         {product} {ergonomic}
     uint G1ConcRefinementThreads                  = 4                                         {product} {ergonomic}
   size_t G1HeapRegionSize                         = 2097152                                   {product} {ergonomic}
    uintx GCDrainStackTargetSize                   = 64                                        {product} {ergonomic}
   size_t InitialHeapSize                          = 268435456                                 {product} {ergonomic}
   size_t MarkStackSize                            = 4194304                                   {product} {ergonomic}
   size_t MaxHeapSize                              = 4265607168                                {product} {ergonomic}
   size_t MinHeapDeltaBytes                        = 2097152                                   {product} {ergonomic}
   size_t MinHeapSize                              = 8388608                                   {product} {ergonomic}
    uintx NonNMethodCodeHeapSize                   = 5832780                                {pd product} {ergonomic}
    uintx NonProfiledCodeHeapSize                  = 122912730                              {pd product} {ergonomic}
    uintx ProfiledCodeHeapSize                     = 122912730                              {pd product} {ergonomic}
    uintx ReservedCodeCacheSize                    = 251658240                              {pd product} {ergonomic}
     bool SegmentedCodeCache                       = true                                      {product} {ergonomic}
     bool ShowCodeDetailsInExceptionMessages       = true                                   {manageable} {command line}
   size_t SoftMaxHeapSize                          = 4265607168                             {manageable} {ergonomic}
     bool UseCompressedClassPointers               = true                           {product lp64_product} {ergonomic}
     bool UseCompressedOops                        = true                           {product lp64_product} {ergonomic}
     bool UseG1GC                                  = true                                      {product} {ergonomic}
     bool UseLargePagesIndividualAllocation        = false                                  {pd product} {ergonomic}

Logging:
Log output configuration:
 #0: stdout all=warning uptime,level,tags
 #1: stderr all=off uptime,level,tags

Environment Variables:
PATH=C:/Users/simplon/.p2/pool/plugins/org.eclipse.justj.openjdk.hotspot.jre.full.win32.x86_64_17.0.2.v20220201-1208/jre/bin/server;C:/Users/simplon/.p2/pool/plugins/org.eclipse.justj.openjdk.hotspot.jre.full.win32.x86_64_17.0.2.v20220201-1208/jre/bin;C:\Program Files\Common Files\Oracle\Java\javapath;C:\Python310\Scripts\;C:\Python310\;C:\Windows\system32;C:\Windows;C:\Windows\System32\Wbem;C:\Windows\System32\WindowsPowerShell\v1.0\;C:\Windows\System32\OpenSSH\;C:\Program Files\Git\cmd;: C:\wamp\bin\php\php5.5.12;C:\Programmes\nodejs\node.js;C:\Program Files\nodejs;C:\Program Files\nodejs\;C:\ProgramData\chocolatey\bin;;C:\Program Files\Docker\Docker\resources\bin;C:\ProgramData\DockerDesktop\version-bin;C:\Users\simplon\AppData\Local\Microsoft\WindowsApps;C:\xampp\php;C:\Users\simplon\AppData\Local\ComposerSetup\bin;C:\Users\simplon\AppData\Roaming\Composer\vendor\bin;C:\Program Files\nodejs;C:\Users\simplon\AppData\Roaming\npm;C:\Program Files\heroku\bin;C:\Windows\system32;
USERNAME=simplon
OS=Windows_NT
PROCESSOR_IDENTIFIER=Intel64 Family 6 Model 78 Stepping 3, GenuineIntel



---------------  S Y S T E M  ---------------

OS:
 Windows 10 , 64 bit Build 19041 (10.0.19041.1566)
OS uptime: 6 days 21:16 hours
Hyper-V role detected

CPU: total 4 (initial active 4) (2 cores per cpu, 2 threads per core) family 6 model 78 stepping 3 microcode 0xcc, cx8, cmov, fxsr, ht, mmx, 3dnowpref, sse, sse2, sse3, ssse3, sse4.1, sse4.2, popcnt, lzcnt, tsc, tscinvbit, avx, avx2, aes, erms, clmul, bmi1, bmi2, rtm, adx, fma, vzeroupper, clflush, clflushopt, hv

Memory: 4k page, system-wide physical 16264M (7662M free)
TotalPageFile size 22897M (AvailPageFile size 226M)
current process WorkingSet (physical memory assigned to process): 10M, peak: 10M
current process commit charge ("private bytes"): 51M, peak: 307M

vm_info: OpenJDK 64-Bit Server VM (17.0.2+8) for windows-amd64 JRE (17.0.2+8), built on Jan 20 2022 04:52:34 by "" with MS VC++ 16.7 (VS2019)

END.
